[dotenv@17.2.1] injecting env (7) from .env -- tip: 🔐 encrypt with Dotenvx: https://dotenvx.com
===== FASE 1: INICIALIZACIÓN DE MODELOS =====
Registrando modelo accionesPermiso.model.js como: Acciones_permiso (tabla: acciones_permiso)
Registrando modelo adjunto.model.js como: Adjuntos (tabla: adjuntos)
Registrando modelo adjuntoRelaciones.model.js como: Adjuntos_relaciones (tabla: adjuntos_relaciones)
Registrando modelo auditoria.model.js como: Auditoria (tabla: auditoria)
Registrando modelo categoriaGasto.model.js como: Categorias_gasto (tabla: categorias_gasto)
Registrando modelo categoriaHerramienta.model.js como: Categorias_herramienta (tabla: categorias_herramienta)
Registrando modelo contratos.model.js como: Contratos (tabla: contratos)
Registrando modelo empleados.model.js como: Empleados (tabla: empleados)
Registrando modelo estadoCuenta.model.js como: Estados_cuenta (tabla: estados_cuenta)
Registrando modelo gasto.model.js como: Gastos (tabla: gastos)
Registrando modelo herramientas.model.js como: Herramientas (tabla: herramientas)
Registrando modelo ingreso.model.js como: Ingresos (tabla: ingresos)
Registrando modelo integracionLog.model.js como: Integraciones_log (tabla: integraciones_log)
Registrando modelo movimientoHerramienta.model.js como: Movimientos_herramienta (tabla: movimientos_herramienta)
Registrando modelo nominaEmpleados.model.js como: Nomina_empleado (tabla: nomina_empleado)
Registrando modelo nominaHistorial.model.js como: Nomina_historial (tabla: nomina_historial)
Registrando modelo oficios.model.js como: Oficios (tabla: oficios)
Registrando modelo pagosNomina.model.js como: Pagos_nomina (tabla: pagos_nomina)
Registrando modelo permisosRol.model.js como: Permisos_rol (tabla: permisos_rol)
Registrando modelo presupuestos.model.js como: Presupuestos (tabla: presupuestos)
Registrando modelo proveedores.model.js como: Proveedores (tabla: proveedores)
Registrando modelo proyectos.model.js como: Proyectos (tabla: proyectos)
Registrando modelo reportesGenerados.model.js como: Reportes_generados (tabla: reportes_generados)
Registrando modelo rol.model.js como: Roles (tabla: roles)
Registrando modelo semanaNomina.model.js como: Semanas_nomina (tabla: semanas_nomina)
Registrando modelo suministros.model.js como: Suministros (tabla: suministros)
Registrando modelo usuarios.model.js como: Usuarios (tabla: usuarios)

===== FASE 2: ESTABLECIMIENTO DE ASOCIACIONES =====
Error en asociación de Acciones_permiso: acciones_permiso.hasMany called with something that's not a subclass of Sequelize.Model
Asociaciones establecidas para: Adjuntos
Asociaciones establecidas para: Adjuntos_relaciones
Asociaciones establecidas para: Auditoria
Asociaciones establecidas para: Categorias_gasto
Error en asociación de Categorias_herramienta: categorias_herramienta.hasMany called with something that's not a subclass of Sequelize.Model
Asociaciones establecidas para: Contratos
Error en asociación de Empleados: empleados.hasMany called with something that's not a subclass of Sequelize.Model
Error en asociación de Estados_cuenta: estados_cuenta.belongsTo called with something that's not a subclass of Sequelize.Model
Error en asociación de Gastos: gastos.belongsTo called with something that's not a subclass of Sequelize.Model
Error en asociación de Herramientas: herramientas.belongsTo called with something that's not a subclass of Sequelize.Model
Error en asociación de Ingresos: ingresos.belongsTo called with something that's not a subclass of Sequelize.Model
Error en asociación de Integraciones_log: integraciones_log.belongsTo called with something that's not a subclass of Sequelize.Model
Error en asociación de Movimientos_herramienta: movimientos_herramienta.belongsTo called with something that's not a subclass of Sequelize.Model
Asociaciones establecidas para: Nomina_empleado
Asociaciones establecidas para: Nomina_historial
Asociaciones establecidas para: Oficios
Asociaciones establecidas para: Pagos_nomina
Asociaciones establecidas para: Permisos_rol
Error en asociación de Presupuestos: presupuestos.belongsTo called with something that's not a subclass of Sequelize.Model
Asociaciones establecidas para: Proveedores
Error en asociación de Proyectos: proyectos.hasMany called with something that's not a subclass of Sequelize.Model
Error en asociación de Reportes_generados: reportes_generados.belongsTo called with something that's not a subclass of Sequelize.Model
Asociaciones establecidas para: Roles
Asociaciones establecidas para: Semanas_nomina
Asociaciones establecidas para: Suministros
Asociaciones establecidas para: Usuarios
[dotenv@17.2.1] injecting env (0) from .env -- tip: 📡 observe env with Radar: https://dotenvx.com/radar
[dotenv@17.2.1] injecting env (0) from .env -- tip: ⚙️  write to custom object with { processEnv: myObject }
Modelos disponibles: [
  'Acciones_permiso',
  'Adjuntos',
  'Adjuntos_relaciones',
  'Auditoria',
  'Categorias_gasto',
  'Categorias_herramienta',
  'Contratos',
  'Empleados',
  'Estados_cuenta',
  'Gastos',
  'Herramientas',
  'Ingresos',
  'Integraciones_log',
  'Movimientos_herramienta',
  'Nomina_empleado',
  'Nomina_historial',
  'Oficios',
  'Pagos_nomina',
  'Permisos_rol',
  'Presupuestos',
  'Proveedores',
  'Proyectos',
  'Reportes_generados',
  'Roles',
  'Semanas_nomina',
  'Suministros',
  'Usuarios',
  'sequelize'
]
[dotenv@17.2.1] injecting env (0) from .env -- tip: 🛠️  run anywhere with `dotenvx run -- yourcommand`
✅ Conexión a la BD exitosa
🌱 Inicializando base de datos con datos iniciales...
✅ Conexión a la BD exitosa
✅ Roles básicos creados o verificados
✅ Acciones de permisos creadas o verificadas
✅ Permisos asignados a roles
✅ Usuario administrador creado o verificado
🌱 Inicializando datos del módulo de nómina...
✅ Conexión a la BD exitosa
✅ Contratos básicos creados o verificados
✅ Oficios básicos creados o verificados
✅ Inicialización del módulo de nómina completada
🏗️ Inicializando proyectos básicos...
✅ Conexión a la BD exitosa
✅ Proyectos básicos creados o verificados
🚀 Inicialización completada
🚀 Servidor escuchando en puerto 4000
[0mGET /api/proveedores/search?q=ARGOS [32m200[0m 15.099 ms - 26[0m
🔍 Intentando obtener proyectos activos...
Modelos disponibles: [
  'Acciones_permiso',
  'Adjuntos',
  'Adjuntos_relaciones',
  'Auditoria',
  'Categorias_gasto',
  'Categorias_herramienta',
  'Contratos',
  'Empleados',
  'Estados_cuenta',
  'Gastos',
  'Herramientas',
  'Ingresos',
  'Integraciones_log',
  'Movimientos_herramienta',
  'Nomina_empleado',
  'Nomina_historial',
  'Oficios',
  'Pagos_nomina',
  'Permisos_rol',
  'Presupuestos',
  'Proveedores',
  'Proyectos',
  'Reportes_generados',
  'Roles',
  'Semanas_nomina',
  'Suministros',
  'Usuarios',
  'sequelize'
]
[0mGET /api/reportes/dashboard-suministros [36m304[0m 1.926 ms - -[0m
[0mGET /api/reportes/dashboard-suministros [36m304[0m 1.209 ms - -[0m
✅ Proyectos encontrados: 4
[0mGET /api/proyectos/activos [36m304[0m 12.006 ms - -[0m
🔍 Intentando obtener proyectos activos...
Modelos disponibles: [
  'Acciones_permiso',
  'Adjuntos',
  'Adjuntos_relaciones',
  'Auditoria',
  'Categorias_gasto',
  'Categorias_herramienta',
  'Contratos',
  'Empleados',
  'Estados_cuenta',
  'Gastos',
  'Herramientas',
  'Ingresos',
  'Integraciones_log',
  'Movimientos_herramienta',
  'Nomina_empleado',
  'Nomina_historial',
  'Oficios',
  'Pagos_nomina',
  'Permisos_rol',
  'Presupuestos',
  'Proveedores',
  'Proyectos',
  'Reportes_generados',
  'Roles',
  'Semanas_nomina',
  'Suministros',
  'Usuarios',
  'sequelize'
]
✅ Proyectos encontrados: 4
[0mGET /api/proyectos/activos [36m304[0m 4.171 ms - -[0m
🔍 Intentando obtener proyectos activos...
Modelos disponibles: [
  'Acciones_permiso',
  'Adjuntos',
  'Adjuntos_relaciones',
  'Auditoria',
  'Categorias_gasto',
  'Categorias_herramienta',
  'Contratos',
  'Empleados',
  'Estados_cuenta',
  'Gastos',
  'Herramientas',
  'Ingresos',
  'Integraciones_log',
  'Movimientos_herramienta',
  'Nomina_empleado',
  'Nomina_historial',
  'Oficios',
  'Pagos_nomina',
  'Permisos_rol',
  'Presupuestos',
  'Proveedores',
  'Proyectos',
  'Reportes_generados',
  'Roles',
  'Semanas_nomina',
  'Suministros',
  'Usuarios',
  'sequelize'
]
✅ Proyectos encontrados: 4
[0mGET /api/proyectos/activos [36m304[0m 10.856 ms - -[0m
[0mGET /api/suministros [32m200[0m 10.911 ms - 775[0m
🔍 Intentando obtener proyectos activos...
Modelos disponibles: [
  'Acciones_permiso',
  'Adjuntos',
  'Adjuntos_relaciones',
  'Auditoria',
  'Categorias_gasto',
  'Categorias_herramienta',
  'Contratos',
  'Empleados',
  'Estados_cuenta',
  'Gastos',
  'Herramientas',
  'Ingresos',
  'Integraciones_log',
  'Movimientos_herramienta',
  'Nomina_empleado',
  'Nomina_historial',
  'Oficios',
  'Pagos_nomina',
  'Permisos_rol',
  'Presupuestos',
  'Proveedores',
  'Proyectos',
  'Reportes_generados',
  'Roles',
  'Semanas_nomina',
  'Suministros',
  'Usuarios',
  'sequelize'
]
✅ Proyectos encontrados: 4
[0mGET /api/proyectos/activos [36m304[0m 8.554 ms - -[0m
[0mGET /api/suministros [36m304[0m 8.511 ms - -[0m
🔍 Intentando obtener proyectos activos...
Modelos disponibles: [
  'Acciones_permiso',
  'Adjuntos',
  'Adjuntos_relaciones',
  'Auditoria',
  'Categorias_gasto',
  'Categorias_herramienta',
  'Contratos',
  'Empleados',
  'Estados_cuenta',
  'Gastos',
  'Herramientas',
  'Ingresos',
  'Integraciones_log',
  'Movimientos_herramienta',
  'Nomina_empleado',
  'Nomina_historial',
  'Oficios',
  'Pagos_nomina',
  'Permisos_rol',
  'Presupuestos',
  'Proveedores',
  'Proyectos',
  'Reportes_generados',
  'Roles',
  'Semanas_nomina',
  'Suministros',
  'Usuarios',
  'sequelize'
]
[0mGET /api/reportes/dashboard-suministros [36m304[0m 1.570 ms - -[0m
✅ Proyectos encontrados: 4
[0mGET /api/proyectos/activos [36m304[0m 6.177 ms - -[0m
[0mGET /api/reportes/dashboard-suministros [36m304[0m 1.771 ms - -[0m
🔍 Intentando obtener proyectos activos...
Modelos disponibles: [
  'Acciones_permiso',
  'Adjuntos',
  'Adjuntos_relaciones',
  'Auditoria',
  'Categorias_gasto',
  'Categorias_herramienta',
  'Contratos',
  'Empleados',
  'Estados_cuenta',
  'Gastos',
  'Herramientas',
  'Ingresos',
  'Integraciones_log',
  'Movimientos_herramienta',
  'Nomina_empleado',
  'Nomina_historial',
  'Oficios',
  'Pagos_nomina',
  'Permisos_rol',
  'Presupuestos',
  'Proveedores',
  'Proyectos',
  'Reportes_generados',
  'Roles',
  'Semanas_nomina',
  'Suministros',
  'Usuarios',
  'sequelize'
]
✅ Proyectos encontrados: 4
[0mGET /api/proyectos/activos [36m304[0m 3.973 ms - -[0m
[0mGET /api/usuarios [36m304[0m 6.132 ms - -[0m
[0mGET /api/roles [36m304[0m 5.620 ms - -[0m
[0mGET /api/usuarios [36m304[0m 7.067 ms - -[0m
[0mGET /api/roles [36m304[0m 5.096 ms - -[0m
[0mGET /api/oficios [36m304[0m 4.775 ms - -[0m
[0mGET /api/oficios [36m304[0m 3.258 ms - -[0m
🔍 Intentando obtener proyectos activos...
Modelos disponibles: [
  'Acciones_permiso',
  'Adjuntos',
  'Adjuntos_relaciones',
  'Auditoria',
  'Categorias_gasto',
  'Categorias_herramienta',
  'Contratos',
  'Empleados',
  'Estados_cuenta',
  'Gastos',
  'Herramientas',
  'Ingresos',
  'Integraciones_log',
  'Movimientos_herramienta',
  'Nomina_empleado',
  'Nomina_historial',
  'Oficios',
  'Pagos_nomina',
  'Permisos_rol',
  'Presupuestos',
  'Proveedores',
  'Proyectos',
  'Reportes_generados',
  'Roles',
  'Semanas_nomina',
  'Suministros',
  'Usuarios',
  'sequelize'
]
[0mGET /api/suministros [36m304[0m 5.457 ms - -[0m
✅ Proyectos encontrados: 4
[0mGET /api/proyectos/activos [36m304[0m 5.082 ms - -[0m
🔍 Intentando obtener proyectos activos...
Modelos disponibles: [
  'Acciones_permiso',
  'Adjuntos',
  'Adjuntos_relaciones',
  'Auditoria',
  'Categorias_gasto',
  'Categorias_herramienta',
  'Contratos',
  'Empleados',
  'Estados_cuenta',
  'Gastos',
  'Herramientas',
  'Ingresos',
  'Integraciones_log',
  'Movimientos_herramienta',
  'Nomina_empleado',
  'Nomina_historial',
  'Oficios',
  'Pagos_nomina',
  'Permisos_rol',
  'Presupuestos',
  'Proveedores',
  'Proyectos',
  'Reportes_generados',
  'Roles',
  'Semanas_nomina',
  'Suministros',
  'Usuarios',
  'sequelize'
]
[0mGET /api/suministros [36m304[0m 11.400 ms - -[0m
✅ Proyectos encontrados: 4
[0mGET /api/proyectos/activos [36m304[0m 8.677 ms - -[0m
[0mGET /api/oficios [36m304[0m 3.380 ms - -[0m
[0mGET /api/oficios [36m304[0m 2.970 ms - -[0m
🔍 Intentando obtener proyectos activos...
Modelos disponibles: [
  'Acciones_permiso',
  'Adjuntos',
  'Adjuntos_relaciones',
  'Auditoria',
  'Categorias_gasto',
  'Categorias_herramienta',
  'Contratos',
  'Empleados',
  'Estados_cuenta',
  'Gastos',
  'Herramientas',
  'Ingresos',
  'Integraciones_log',
  'Movimientos_herramienta',
  'Nomina_empleado',
  'Nomina_historial',
  'Oficios',
  'Pagos_nomina',
  'Permisos_rol',
  'Presupuestos',
  'Proveedores',
  'Proyectos',
  'Reportes_generados',
  'Roles',
  'Semanas_nomina',
  'Suministros',
  'Usuarios',
  'sequelize'
]
✅ Proyectos encontrados: 4
[0mGET /api/proyectos/activos [36m304[0m 5.115 ms - -[0m
[0mGET /api/suministros [36m304[0m 4.603 ms - -[0m
🔍 Intentando obtener proyectos activos...
Modelos disponibles: [
  'Acciones_permiso',
  'Adjuntos',
  'Adjuntos_relaciones',
  'Auditoria',
  'Categorias_gasto',
  'Categorias_herramienta',
  'Contratos',
  'Empleados',
  'Estados_cuenta',
  'Gastos',
  'Herramientas',
  'Ingresos',
  'Integraciones_log',
  'Movimientos_herramienta',
  'Nomina_empleado',
  'Nomina_historial',
  'Oficios',
  'Pagos_nomina',
  'Permisos_rol',
  'Presupuestos',
  'Proveedores',
  'Proyectos',
  'Reportes_generados',
  'Roles',
  'Semanas_nomina',
  'Suministros',
  'Usuarios',
  'sequelize'
]
✅ Proyectos encontrados: 4
[0mGET /api/proyectos/activos [36m304[0m 6.208 ms - -[0m
[0mGET /api/suministros [36m304[0m 3.997 ms - -[0m
🔍 Intentando obtener proyectos activos...
Modelos disponibles: [
  'Acciones_permiso',
  'Adjuntos',
  'Adjuntos_relaciones',
  'Auditoria',
  'Categorias_gasto',
  'Categorias_herramienta',
  'Contratos',
  'Empleados',
  'Estados_cuenta',
  'Gastos',
  'Herramientas',
  'Ingresos',
  'Integraciones_log',
  'Movimientos_herramienta',
  'Nomina_empleado',
  'Nomina_historial',
  'Oficios',
  'Pagos_nomina',
  'Permisos_rol',
  'Presupuestos',
  'Proveedores',
  'Proyectos',
  'Reportes_generados',
  'Roles',
  'Semanas_nomina',
  'Suministros',
  'Usuarios',
  'sequelize'
]
[0mGET /api/reportes/dashboard-suministros [36m304[0m 2.133 ms - -[0m
✅ Proyectos encontrados: 4
[0mGET /api/proyectos/activos [36m304[0m 7.570 ms - -[0m
[0mGET /api/reportes/dashboard-suministros [36m304[0m 1.829 ms - -[0m
🔍 Intentando obtener proyectos activos...
Modelos disponibles: [
  'Acciones_permiso',
  'Adjuntos',
  'Adjuntos_relaciones',
  'Auditoria',
  'Categorias_gasto',
  'Categorias_herramienta',
  'Contratos',
  'Empleados',
  'Estados_cuenta',
  'Gastos',
  'Herramientas',
  'Ingresos',
  'Integraciones_log',
  'Movimientos_herramienta',
  'Nomina_empleado',
  'Nomina_historial',
  'Oficios',
  'Pagos_nomina',
  'Permisos_rol',
  'Presupuestos',
  'Proveedores',
  'Proyectos',
  'Reportes_generados',
  'Roles',
  'Semanas_nomina',
  'Suministros',
  'Usuarios',
  'sequelize'
]
✅ Proyectos encontrados: 4
[0mGET /api/proyectos/activos [36m304[0m 4.642 ms - -[0m
[0mGET /api/usuarios [36m304[0m 4.295 ms - -[0m
[0mGET /api/roles [36m304[0m 2.994 ms - -[0m
[0mGET /api/usuarios [36m304[0m 4.730 ms - -[0m
[0mGET /api/roles [36m304[0m 4.782 ms - -[0m
[0mGET /api/roles [36m304[0m 4.915 ms - -[0m
[0mGET /api/roles/acciones-permiso/all [36m304[0m 5.422 ms - -[0m
[0mGET /api/roles [36m304[0m 4.849 ms - -[0m
[0mGET /api/roles/acciones-permiso/all [36m304[0m 4.405 ms - -[0m
🔍 Intentando obtener proyectos activos...
Modelos disponibles: [
  'Acciones_permiso',
  'Adjuntos',
  'Adjuntos_relaciones',
  'Auditoria',
  'Categorias_gasto',
  'Categorias_herramienta',
  'Contratos',
  'Empleados',
  'Estados_cuenta',
  'Gastos',
  'Herramientas',
  'Ingresos',
  'Integraciones_log',
  'Movimientos_herramienta',
  'Nomina_empleado',
  'Nomina_historial',
  'Oficios',
  'Pagos_nomina',
  'Permisos_rol',
  'Presupuestos',
  'Proveedores',
  'Proyectos',
  'Reportes_generados',
  'Roles',
  'Semanas_nomina',
  'Suministros',
  'Usuarios',
  'sequelize'
]
✅ Proyectos encontrados: 4
[0mGET /api/proyectos/activos [36m304[0m 4.558 ms - -[0m
[0mGET /api/suministros [36m304[0m 4.378 ms - -[0m
🔍 Intentando obtener proyectos activos...
Modelos disponibles: [
  'Acciones_permiso',
  'Adjuntos',
  'Adjuntos_relaciones',
  'Auditoria',
  'Categorias_gasto',
  'Categorias_herramienta',
  'Contratos',
  'Empleados',
  'Estados_cuenta',
  'Gastos',
  'Herramientas',
  'Ingresos',
  'Integraciones_log',
  'Movimientos_herramienta',
  'Nomina_empleado',
  'Nomina_historial',
  'Oficios',
  'Pagos_nomina',
  'Permisos_rol',
  'Presupuestos',
  'Proveedores',
  'Proyectos',
  'Reportes_generados',
  'Roles',
  'Semanas_nomina',
  'Suministros',
  'Usuarios',
  'sequelize'
]
✅ Proyectos encontrados: 4
[0mGET /api/proyectos/activos [36m304[0m 4.517 ms - -[0m
[0mGET /api/suministros [36m304[0m 3.430 ms - -[0m
[0mGET /api/contratos [36m304[0m 3.731 ms - -[0m
[0mGET /api/contratos [36m304[0m 4.398 ms - -[0m
[0mGET /api/contratos [36m304[0m 9.078 ms - -[0m
[0mGET /api/empleados [36m304[0m 12.590 ms - -[0m
[0mGET /api/oficios [36m304[0m 10.707 ms - -[0m
[0mGET /api/contratos [36m304[0m 8.258 ms - -[0m
[0mGET /api/empleados [36m304[0m 7.596 ms - -[0m
[0mGET /api/oficios [36m304[0m 8.409 ms - -[0m
[0mGET /api/usuarios [36m304[0m 4.774 ms - -[0m
[0mGET /api/roles [36m304[0m 3.360 ms - -[0m
[0mGET /api/usuarios [36m304[0m 6.376 ms - -[0m
[0mGET /api/roles [36m304[0m 4.859 ms - -[0m
🔍 Intentando obtener proyectos activos...
Modelos disponibles: [
  'Acciones_permiso',
  'Adjuntos',
  'Adjuntos_relaciones',
  'Auditoria',
  'Categorias_gasto',
  'Categorias_herramienta',
  'Contratos',
  'Empleados',
  'Estados_cuenta',
  'Gastos',
  'Herramientas',
  'Ingresos',
  'Integraciones_log',
  'Movimientos_herramienta',
  'Nomina_empleado',
  'Nomina_historial',
  'Oficios',
  'Pagos_nomina',
  'Permisos_rol',
  'Presupuestos',
  'Proveedores',
  'Proyectos',
  'Reportes_generados',
  'Roles',
  'Semanas_nomina',
  'Suministros',
  'Usuarios',
  'sequelize'
]
[0mGET /api/reportes/dashboard-suministros [36m304[0m 1.620 ms - -[0m
✅ Proyectos encontrados: 4
[0mGET /api/proyectos/activos [36m304[0m 7.070 ms - -[0m
[0mGET /api/reportes/dashboard-suministros [36m304[0m 1.741 ms - -[0m
🔍 Intentando obtener proyectos activos...
Modelos disponibles: [
  'Acciones_permiso',
  'Adjuntos',
  'Adjuntos_relaciones',
  'Auditoria',
  'Categorias_gasto',
  'Categorias_herramienta',
  'Contratos',
  'Empleados',
  'Estados_cuenta',
  'Gastos',
  'Herramientas',
  'Ingresos',
  'Integraciones_log',
  'Movimientos_herramienta',
  'Nomina_empleado',
  'Nomina_historial',
  'Oficios',
  'Pagos_nomina',
  'Permisos_rol',
  'Presupuestos',
  'Proveedores',
  'Proyectos',
  'Reportes_generados',
  'Roles',
  'Semanas_nomina',
  'Suministros',
  'Usuarios',
  'sequelize'
]
✅ Proyectos encontrados: 4
[0mGET /api/proyectos/activos [36m304[0m 3.937 ms - -[0m
[0mPOST /api/proveedores/create-or-get [32m200[0m 22.473 ms - 195[0m
🔍 Intentando obtener proyectos activos...
Modelos disponibles: [
  'Acciones_permiso',
  'Adjuntos',
  'Adjuntos_relaciones',
  'Auditoria',
  'Categorias_gasto',
  'Categorias_herramienta',
  'Contratos',
  'Empleados',
  'Estados_cuenta',
  'Gastos',
  'Herramientas',
  'Ingresos',
  'Integraciones_log',
  'Movimientos_herramienta',
  'Nomina_empleado',
  'Nomina_historial',
  'Oficios',
  'Pagos_nomina',
  'Permisos_rol',
  'Presupuestos',
  'Proveedores',
  'Proyectos',
  'Reportes_generados',
  'Roles',
  'Semanas_nomina',
  'Suministros',
  'Usuarios',
  'sequelize'
]
[0mGET /api/suministros [36m304[0m 8.414 ms - -[0m
✅ Proyectos encontrados: 4
[0mGET /api/proyectos/activos [36m304[0m 8.052 ms - -[0m
🔍 Intentando obtener proyectos activos...
Modelos disponibles: [
  'Acciones_permiso',
  'Adjuntos',
  'Adjuntos_relaciones',
  'Auditoria',
  'Categorias_gasto',
  'Categorias_herramienta',
  'Contratos',
  'Empleados',
  'Estados_cuenta',
  'Gastos',
  'Herramientas',
  'Ingresos',
  'Integraciones_log',
  'Movimientos_herramienta',
  'Nomina_empleado',
  'Nomina_historial',
  'Oficios',
  'Pagos_nomina',
  'Permisos_rol',
  'Presupuestos',
  'Proveedores',
  'Proyectos',
  'Reportes_generados',
  'Roles',
  'Semanas_nomina',
  'Suministros',
  'Usuarios',
  'sequelize'
]
[0mGET /api/suministros [36m304[0m 7.331 ms - -[0m
✅ Proyectos encontrados: 4
[0mGET /api/proyectos/activos [36m304[0m 6.063 ms - -[0m
[0mPOST /api/proveedores [32m201[0m 18.283 ms - 313[0m
[0mGET /api/proveedores/search?q=A [32m200[0m 4.228 ms - 212[0m
[0mGET /api/auth/verify [32m200[0m 3.455 ms - 172[0m
[0mGET /api/auth/verify [36m304[0m 4.477 ms - -[0m
🔍 Intentando obtener proyectos activos...
Modelos disponibles: [
  'Acciones_permiso',
  'Adjuntos',
  'Adjuntos_relaciones',
  'Auditoria',
  'Categorias_gasto',
  'Categorias_herramienta',
  'Contratos',
  'Empleados',
  'Estados_cuenta',
  'Gastos',
  'Herramientas',
  'Ingresos',
  'Integraciones_log',
  'Movimientos_herramienta',
  'Nomina_empleado',
  'Nomina_historial',
  'Oficios',
  'Pagos_nomina',
  'Permisos_rol',
  'Presupuestos',
  'Proveedores',
  'Proyectos',
  'Reportes_generados',
  'Roles',
  'Semanas_nomina',
  'Suministros',
  'Usuarios',
  'sequelize'
]
[0mGET /api/suministros [36m304[0m 39.112 ms - -[0m
✅ Proyectos encontrados: 4
[0mGET /api/proyectos/activos [36m304[0m 44.776 ms - -[0m
[0mGET /api/auth/permissions [36m304[0m 60.136 ms - -[0m
🔍 Intentando obtener proyectos activos...
Modelos disponibles: [
  'Acciones_permiso',
  'Adjuntos',
  'Adjuntos_relaciones',
  'Auditoria',
  'Categorias_gasto',
  'Categorias_herramienta',
  'Contratos',
  'Empleados',
  'Estados_cuenta',
  'Gastos',
  'Herramientas',
  'Ingresos',
  'Integraciones_log',
  'Movimientos_herramienta',
  'Nomina_empleado',
  'Nomina_historial',
  'Oficios',
  'Pagos_nomina',
  'Permisos_rol',
  'Presupuestos',
  'Proveedores',
  'Proyectos',
  'Reportes_generados',
  'Roles',
  'Semanas_nomina',
  'Suministros',
  'Usuarios',
  'sequelize'
]
[0mGET /api/suministros [36m304[0m 16.708 ms - -[0m
✅ Proyectos encontrados: 4
[0mGET /api/proyectos/activos [36m304[0m 18.559 ms - -[0m
[0mGET /api/auth/permissions [36m304[0m 17.166 ms - -[0m
🔍 Intentando obtener proyectos activos...
Modelos disponibles: [
  'Acciones_permiso',
  'Adjuntos',
  'Adjuntos_relaciones',
  'Auditoria',
  'Categorias_gasto',
  'Categorias_herramienta',
  'Contratos',
  'Empleados',
  'Estados_cuenta',
  'Gastos',
  'Herramientas',
  'Ingresos',
  'Integraciones_log',
  'Movimientos_herramienta',
  'Nomina_empleado',
  'Nomina_historial',
  'Oficios',
  'Pagos_nomina',
  'Permisos_rol',
  'Presupuestos',
  'Proveedores',
  'Proyectos',
  'Reportes_generados',
  'Roles',
  'Semanas_nomina',
  'Suministros',
  'Usuarios',
  'sequelize'
]
[0mGET /api/suministros [36m304[0m 14.818 ms - -[0m
✅ Proyectos encontrados: 4
[0mGET /api/proyectos/activos [36m304[0m 11.996 ms - -[0m
🔍 Intentando obtener proyectos activos...
Modelos disponibles: [
  'Acciones_permiso',
  'Adjuntos',
  'Adjuntos_relaciones',
  'Auditoria',
  'Categorias_gasto',
  'Categorias_herramienta',
  'Contratos',
  'Empleados',
  'Estados_cuenta',
  'Gastos',
  'Herramientas',
  'Ingresos',
  'Integraciones_log',
  'Movimientos_herramienta',
  'Nomina_empleado',
  'Nomina_historial',
  'Oficios',
  'Pagos_nomina',
  'Permisos_rol',
  'Presupuestos',
  'Proveedores',
  'Proyectos',
  'Reportes_generados',
  'Roles',
  'Semanas_nomina',
  'Suministros',
  'Usuarios',
  'sequelize'
]
[0mGET /api/suministros [36m304[0m 16.723 ms - -[0m
✅ Proyectos encontrados: 4
[0mGET /api/proyectos/activos [36m304[0m 8.206 ms - -[0m
[0mPOST /api/suministros [33m400[0m 1.182 ms - 99[0m
[0mGET /api/empleados [36m304[0m 11.267 ms - -[0m
[0mGET /api/empleados [36m304[0m 6.244 ms - -[0m
[0mGET /api/empleados/stats [36m304[0m 19.002 ms - -[0m
[0mGET /api/contratos [36m304[0m 9.993 ms - -[0m
[0mGET /api/empleados/stats [36m304[0m 19.986 ms - -[0m
[0mGET /api/contratos/stats [36m304[0m 15.877 ms - -[0m
[0mGET /api/contratos [36m304[0m 5.063 ms - -[0m
[0mGET /api/nomina [36m304[0m 7.862 ms - -[0m
[0mGET /api/contratos/stats [36m304[0m 19.247 ms - -[0m
[0mGET /api/nomina/estadisticas [36m304[0m 12.822 ms - -[0m
[0mGET /api/nomina [36m304[0m 5.461 ms - -[0m
[0mGET /api/nomina/estadisticas [36m304[0m 8.315 ms - -[0m
[0mGET /api/empleados [36m304[0m 8.228 ms - -[0m
[0mGET /api/contratos [36m304[0m 8.320 ms - -[0m
[0mGET /api/oficios [36m304[0m 9.484 ms - -[0m
[0mGET /api/empleados [36m304[0m 9.980 ms - -[0m
[0mGET /api/contratos [36m304[0m 8.135 ms - -[0m
[0mGET /api/oficios [36m304[0m 8.355 ms - -[0m
[0mGET /api/empleados [36m304[0m 5.847 ms - -[0m
[0mGET /api/empleados [36m304[0m 4.571 ms - -[0m
[0mGET /api/empleados/stats [36m304[0m 13.963 ms - -[0m
[0mGET /api/contratos [36m304[0m 6.618 ms - -[0m
[0mGET /api/empleados/stats [36m304[0m 13.231 ms - -[0m
[0mGET /api/contratos/stats [36m304[0m 9.997 ms - -[0m
[0mGET /api/contratos [36m304[0m 3.950 ms - -[0m
[0mGET /api/nomina [36m304[0m 4.984 ms - -[0m
[0mGET /api/contratos/stats [36m304[0m 15.417 ms - -[0m
[0mGET /api/nomina/estadisticas [36m304[0m 8.660 ms - -[0m
[0mGET /api/nomina [36m304[0m 5.755 ms - -[0m
[0mGET /api/nomina/estadisticas [36m304[0m 6.983 ms - -[0m
[0mGET /api/roles [36m304[0m 10.791 ms - -[0m
[0mGET /api/roles/acciones-permiso/all [36m304[0m 10.661 ms - -[0m
[0mGET /api/roles [36m304[0m 5.837 ms - -[0m
[0mGET /api/roles/acciones-permiso/all [36m304[0m 7.658 ms - -[0m
🔍 Intentando obtener proyectos activos...
Modelos disponibles: [
  'Acciones_permiso',
  'Adjuntos',
  'Adjuntos_relaciones',
  'Auditoria',
  'Categorias_gasto',
  'Categorias_herramienta',
  'Contratos',
  'Empleados',
  'Estados_cuenta',
  'Gastos',
  'Herramientas',
  'Ingresos',
  'Integraciones_log',
  'Movimientos_herramienta',
  'Nomina_empleado',
  'Nomina_historial',
  'Oficios',
  'Pagos_nomina',
  'Permisos_rol',
  'Presupuestos',
  'Proveedores',
  'Proyectos',
  'Reportes_generados',
  'Roles',
  'Semanas_nomina',
  'Suministros',
  'Usuarios',
  'sequelize'
]
[0mGET /api/suministros [36m304[0m 9.516 ms - -[0m
✅ Proyectos encontrados: 4
[0mGET /api/proyectos/activos [36m304[0m 8.370 ms - -[0m
🔍 Intentando obtener proyectos activos...
Modelos disponibles: [
  'Acciones_permiso',
  'Adjuntos',
  'Adjuntos_relaciones',
  'Auditoria',
  'Categorias_gasto',
  'Categorias_herramienta',
  'Contratos',
  'Empleados',
  'Estados_cuenta',
  'Gastos',
  'Herramientas',
  'Ingresos',
  'Integraciones_log',
  'Movimientos_herramienta',
  'Nomina_empleado',
  'Nomina_historial',
  'Oficios',
  'Pagos_nomina',
  'Permisos_rol',
  'Presupuestos',
  'Proveedores',
  'Proyectos',
  'Reportes_generados',
  'Roles',
  'Semanas_nomina',
  'Suministros',
  'Usuarios',
  'sequelize'
]
[0mGET /api/suministros [36m304[0m 12.675 ms - -[0m
✅ Proyectos encontrados: 4
[0mGET /api/proyectos/activos [36m304[0m 7.490 ms - -[0m
[0mGET /api/auth/verify [36m304[0m 1.357 ms - -[0m
[0mGET /api/auth/verify [36m304[0m 3.123 ms - -[0m
🔍 Intentando obtener proyectos activos...
Modelos disponibles: [
  'Acciones_permiso',
  'Adjuntos',
  'Adjuntos_relaciones',
  'Auditoria',
  'Categorias_gasto',
  'Categorias_herramienta',
  'Contratos',
  'Empleados',
  'Estados_cuenta',
  'Gastos',
  'Herramientas',
  'Ingresos',
  'Integraciones_log',
  'Movimientos_herramienta',
  'Nomina_empleado',
  'Nomina_historial',
  'Oficios',
  'Pagos_nomina',
  'Permisos_rol',
  'Presupuestos',
  'Proveedores',
  'Proyectos',
  'Reportes_generados',
  'Roles',
  'Semanas_nomina',
  'Suministros',
  'Usuarios',
  'sequelize'
]
[0mGET /api/suministros [36m304[0m 15.352 ms - -[0m
✅ Proyectos encontrados: 4
[0mGET /api/proyectos/activos [36m304[0m 19.377 ms - -[0m
[0mGET /api/auth/permissions [36m304[0m 21.469 ms - -[0m
🔍 Intentando obtener proyectos activos...
Modelos disponibles: [
  'Acciones_permiso',
  'Adjuntos',
  'Adjuntos_relaciones',
  'Auditoria',
  'Categorias_gasto',
  'Categorias_herramienta',
  'Contratos',
  'Empleados',
  'Estados_cuenta',
  'Gastos',
  'Herramientas',
  'Ingresos',
  'Integraciones_log',
  'Movimientos_herramienta',
  'Nomina_empleado',
  'Nomina_historial',
  'Oficios',
  'Pagos_nomina',
  'Permisos_rol',
  'Presupuestos',
  'Proveedores',
  'Proyectos',
  'Reportes_generados',
  'Roles',
  'Semanas_nomina',
  'Suministros',
  'Usuarios',
  'sequelize'
]
[0mGET /api/suministros [36m304[0m 15.719 ms - -[0m
✅ Proyectos encontrados: 4
[0mGET /api/proyectos/activos [36m304[0m 13.685 ms - -[0m
[0mGET /api/auth/permissions [36m304[0m 8.217 ms - -[0m
🔍 Intentando obtener proyectos activos...
Modelos disponibles: [
  'Acciones_permiso',
  'Adjuntos',
  'Adjuntos_relaciones',
  'Auditoria',
  'Categorias_gasto',
  'Categorias_herramienta',
  'Contratos',
  'Empleados',
  'Estados_cuenta',
  'Gastos',
  'Herramientas',
  'Ingresos',
  'Integraciones_log',
  'Movimientos_herramienta',
  'Nomina_empleado',
  'Nomina_historial',
  'Oficios',
  'Pagos_nomina',
  'Permisos_rol',
  'Presupuestos',
  'Proveedores',
  'Proyectos',
  'Reportes_generados',
  'Roles',
  'Semanas_nomina',
  'Suministros',
  'Usuarios',
  'sequelize'
]
[0mGET /api/suministros [36m304[0m 5.799 ms - -[0m
✅ Proyectos encontrados: 4
[0mGET /api/proyectos/activos [36m304[0m 4.386 ms - -[0m
🔍 Intentando obtener proyectos activos...
Modelos disponibles: [
  'Acciones_permiso',
  'Adjuntos',
  'Adjuntos_relaciones',
  'Auditoria',
  'Categorias_gasto',
  'Categorias_herramienta',
  'Contratos',
  'Empleados',
  'Estados_cuenta',
  'Gastos',
  'Herramientas',
  'Ingresos',
  'Integraciones_log',
  'Movimientos_herramienta',
  'Nomina_empleado',
  'Nomina_historial',
  'Oficios',
  'Pagos_nomina',
  'Permisos_rol',
  'Presupuestos',
  'Proveedores',
  'Proyectos',
  'Reportes_generados',
  'Roles',
  'Semanas_nomina',
  'Suministros',
  'Usuarios',
  'sequelize'
]
[0mGET /api/suministros [36m304[0m 7.953 ms - -[0m
✅ Proyectos encontrados: 4
[0mGET /api/proyectos/activos [36m304[0m 6.194 ms - -[0m
[0mGET /api/auth/verify [36m304[0m 2.068 ms - -[0m
[0mGET /api/auth/verify [36m304[0m 1.812 ms - -[0m
🔍 Intentando obtener proyectos activos...
Modelos disponibles: [
  'Acciones_permiso',
  'Adjuntos',
  'Adjuntos_relaciones',
  'Auditoria',
  'Categorias_gasto',
  'Categorias_herramienta',
  'Contratos',
  'Empleados',
  'Estados_cuenta',
  'Gastos',
  'Herramientas',
  'Ingresos',
  'Integraciones_log',
  'Movimientos_herramienta',
  'Nomina_empleado',
  'Nomina_historial',
  'Oficios',
  'Pagos_nomina',
  'Permisos_rol',
  'Presupuestos',
  'Proveedores',
  'Proyectos',
  'Reportes_generados',
  'Roles',
  'Semanas_nomina',
  'Suministros',
  'Usuarios',
  'sequelize'
]
[0mGET /api/suministros [36m304[0m 18.549 ms - -[0m
✅ Proyectos encontrados: 4
[0mGET /api/proyectos/activos [36m304[0m 15.604 ms - -[0m
[0mGET /api/auth/permissions [36m304[0m 16.294 ms - -[0m
🔍 Intentando obtener proyectos activos...
Modelos disponibles: [
  'Acciones_permiso',
  'Adjuntos',
  'Adjuntos_relaciones',
  'Auditoria',
  'Categorias_gasto',
  'Categorias_herramienta',
  'Contratos',
  'Empleados',
  'Estados_cuenta',
  'Gastos',
  'Herramientas',
  'Ingresos',
  'Integraciones_log',
  'Movimientos_herramienta',
  'Nomina_empleado',
  'Nomina_historial',
  'Oficios',
  'Pagos_nomina',
  'Permisos_rol',
  'Presupuestos',
  'Proveedores',
  'Proyectos',
  'Reportes_generados',
  'Roles',
  'Semanas_nomina',
  'Suministros',
  'Usuarios',
  'sequelize'
]
[0mGET /api/suministros [36m304[0m 10.106 ms - -[0m
✅ Proyectos encontrados: 4
[0mGET /api/proyectos/activos [36m304[0m 4.620 ms - -[0m
🔍 Intentando obtener proyectos activos...
Modelos disponibles: [
  'Acciones_permiso',
  'Adjuntos',
  'Adjuntos_relaciones',
  'Auditoria',
  'Categorias_gasto',
  'Categorias_herramienta',
  'Contratos',
  'Empleados',
  'Estados_cuenta',
  'Gastos',
  'Herramientas',
  'Ingresos',
  'Integraciones_log',
  'Movimientos_herramienta',
  'Nomina_empleado',
  'Nomina_historial',
  'Oficios',
  'Pagos_nomina',
  'Permisos_rol',
  'Presupuestos',
  'Proveedores',
  'Proyectos',
  'Reportes_generados',
  'Roles',
  'Semanas_nomina',
  'Suministros',
  'Usuarios',
  'sequelize'
]
[0mGET /api/suministros [36m304[0m 4.493 ms - -[0m
✅ Proyectos encontrados: 4
[0mGET /api/proyectos/activos [36m304[0m 4.390 ms - -[0m
🔍 Intentando obtener proyectos activos...
Modelos disponibles: [
  'Acciones_permiso',
  'Adjuntos',
  'Adjuntos_relaciones',
  'Auditoria',
  'Categorias_gasto',
  'Categorias_herramienta',
  'Contratos',
  'Empleados',
  'Estados_cuenta',
  'Gastos',
  'Herramientas',
  'Ingresos',
  'Integraciones_log',
  'Movimientos_herramienta',
  'Nomina_empleado',
  'Nomina_historial',
  'Oficios',
  'Pagos_nomina',
  'Permisos_rol',
  'Presupuestos',
  'Proveedores',
  'Proyectos',
  'Reportes_generados',
  'Roles',
  'Semanas_nomina',
  'Suministros',
  'Usuarios',
  'sequelize'
]
[0mGET /api/suministros [36m304[0m 4.194 ms - -[0m
✅ Proyectos encontrados: 4
[0mGET /api/proyectos/activos [36m304[0m 3.644 ms - -[0m
[0mGET /api/auth/verify [36m304[0m 1.526 ms - -[0m
[0mGET /api/auth/verify [36m304[0m 2.088 ms - -[0m
[0mGET /api/proyectos [32m200[0m 21.521 ms - 1267[0m
[0mGET /api/suministros [36m304[0m 21.978 ms - -[0m
[0mGET /api/auth/permissions [36m304[0m 24.419 ms - -[0m
[0mGET /api/proyectos [36m304[0m 6.854 ms - -[0m
[0mGET /api/suministros [36m304[0m 7.077 ms - -[0m
[0mGET /api/auth/permissions [36m304[0m 8.371 ms - -[0m
[0mGET /api/suministros [36m304[0m 6.846 ms - -[0m
[0mGET /api/proyectos [36m304[0m 6.209 ms - -[0m
[0mGET /api/suministros [36m304[0m 6.570 ms - -[0m
[0mGET /api/proyectos [36m304[0m 4.100 ms - -[0m
[0mGET /api/suministros [36m304[0m 4.154 ms - -[0m
[0mGET /api/proyectos [36m304[0m 2.646 ms - -[0m
[0mGET /api/suministros [36m304[0m 4.648 ms - -[0m
[0mGET /api/proyectos [36m304[0m 3.566 ms - -[0m
[0mGET /api/roles [36m304[0m 6.177 ms - -[0m
[0mGET /api/roles/acciones-permiso/all [36m304[0m 7.075 ms - -[0m
[0mGET /api/roles [36m304[0m 5.423 ms - -[0m
[0mGET /api/roles/acciones-permiso/all [36m304[0m 5.281 ms - -[0m
[0mGET /api/suministros [36m304[0m 5.461 ms - -[0m
[0mGET /api/proyectos [36m304[0m 3.802 ms - -[0m
[0mGET /api/suministros [36m304[0m 4.621 ms - -[0m
[0mGET /api/proyectos [36m304[0m 2.723 ms - -[0m
[0mGET /api/proveedores/search?q=P [32m200[0m 5.688 ms - 26[0m
[0mGET /api/proveedores/search?q=Pa [32m200[0m 2.896 ms - 26[0m
[0mGET /api/proveedores/search?q=Pad [32m200[0m 2.953 ms - 26[0m
[0mGET /api/proveedores/search?q=Padd [32m200[0m 2.801 ms - 26[0m
[0mGET /api/proveedores/search?q=Padd%C2%BF [32m200[0m 2.827 ms - 26[0m
[0mGET /api/proveedores/search?q=Padd [36m304[0m 2.938 ms - -[0m
[0mGET /api/proveedores/search?q=Pad [36m304[0m 3.070 ms - -[0m
[0mGET /api/proveedores/search?q=Pa [36m304[0m 2.938 ms - -[0m
[0mGET /api/proveedores/search?q=P [36m304[0m 2.650 ms - -[0m
[0mGET /api/proveedores/search?q=PA [32m200[0m 3.671 ms - 26[0m
[0mGET /api/proveedores/search?q=PAD [32m200[0m 2.582 ms - 26[0m
[0mGET /api/proveedores/search?q=PADI [32m200[0m 2.377 ms - 26[0m
[0mGET /api/auth/verify [36m304[0m 1.318 ms - -[0m
[0mGET /api/auth/verify [36m304[0m 1.955 ms - -[0m
[0mGET /api/suministros [36m304[0m 16.447 ms - -[0m
[0mGET /api/proyectos [36m304[0m 10.527 ms - -[0m
[0mGET /api/auth/permissions [36m304[0m 20.616 ms - -[0m
[0mGET /api/suministros [36m304[0m 7.811 ms - -[0m
[0mGET /api/proyectos [36m304[0m 3.847 ms - -[0m
[0mGET /api/suministros [36m304[0m 3.826 ms - -[0m
[0mGET /api/proyectos [36m304[0m 2.995 ms - -[0m
[0mGET /api/suministros [36m304[0m 5.396 ms - -[0m
[0mGET /api/proyectos [36m304[0m 5.515 ms - -[0m
[0mGET /api/auth/verify [36m304[0m 3.292 ms - -[0m
[0mGET /api/auth/verify [36m304[0m 2.968 ms - -[0m
[0mGET /api/suministros [36m304[0m 30.620 ms - -[0m
[0mGET /api/proyectos [36m304[0m 32.533 ms - -[0m
[0mGET /api/auth/permissions [36m304[0m 36.344 ms - -[0m
[0mGET /api/suministros [36m304[0m 13.489 ms - -[0m
[0mGET /api/proyectos [36m304[0m 6.717 ms - -[0m
[0mGET /api/auth/permissions [36m304[0m 12.029 ms - -[0m
[0mGET /api/suministros [36m304[0m 9.304 ms - -[0m
[0mGET /api/proyectos [36m304[0m 8.386 ms - -[0m
[0mGET /api/suministros [36m304[0m 7.125 ms - -[0m
[0mGET /api/proyectos [36m304[0m 8.857 ms - -[0m
[0mGET /api/auth/verify [36m304[0m 1.713 ms - -[0m
[0mGET /api/auth/verify [36m304[0m 1.965 ms - -[0m
[0mGET /api/suministros [36m304[0m 14.484 ms - -[0m
[0mGET /api/proyectos [36m304[0m 12.228 ms - -[0m
[0mGET /api/auth/permissions [36m304[0m 19.360 ms - -[0m
[0mGET /api/suministros [36m304[0m 10.610 ms - -[0m
[0mGET /api/proyectos [36m304[0m 18.589 ms - -[0m
[0mGET /api/auth/permissions [36m304[0m 24.264 ms - -[0m
[0mGET /api/suministros [36m304[0m 9.237 ms - -[0m
[0mGET /api/proyectos [36m304[0m 8.490 ms - -[0m
[0mGET /api/suministros [0m-[0m - ms - -[0m
[0mGET /api/auth/verify [36m304[0m 1.989 ms - -[0m
[0mGET /api/auth/verify [36m304[0m 2.324 ms - -[0m
[0mGET /api/auth/verify [36m304[0m 2.253 ms - -[0m
[0mGET /api/auth/verify [36m304[0m 3.086 ms - -[0m
[0mGET /api/suministros [32m200[0m 15.067 ms - 775[0m
[0mGET /api/proyectos [36m304[0m 12.281 ms - -[0m
[0mGET /api/auth/permissions [36m304[0m 19.691 ms - -[0m
[0mGET /api/suministros [36m304[0m 16.121 ms - -[0m
[0mGET /api/proyectos [36m304[0m 14.540 ms - -[0m
[0mGET /api/auth/permissions [36m304[0m 14.387 ms - -[0m
[0mGET /api/suministros [36m304[0m 4.774 ms - -[0m
[0mGET /api/proyectos [36m304[0m 3.476 ms - -[0m
[0mGET /api/suministros [36m304[0m 10.608 ms - -[0m
[0mGET /api/proyectos [36m304[0m 5.506 ms - -[0m
[0mPOST /api/auth/login [32m200[0m 82.795 ms - 539[0m
[0mGET /api/empleados [36m304[0m 23.513 ms - -[0m
[0mGET /api/empleados [36m304[0m 19.828 ms - -[0m
[0mGET /api/auth/permissions [36m304[0m 54.571 ms - -[0m
[0mGET /api/empleados/stats [36m304[0m 69.662 ms - -[0m
[0mGET /api/empleados/stats [36m304[0m 12.905 ms - -[0m
[0mGET /api/empleados [36m304[0m 9.805 ms - -[0m
[0mGET /api/contratos [36m304[0m 15.976 ms - -[0m
[0mGET /api/empleados [36m304[0m 12.540 ms - -[0m
[0mGET /api/empleados/stats [36m304[0m 39.035 ms - -[0m
[0mGET /api/contratos [36m304[0m 15.285 ms - -[0m
[0mGET /api/contratos/stats [36m304[0m 35.229 ms - -[0m
[0mGET /api/contratos [36m304[0m 11.972 ms - -[0m
[0mGET /api/empleados/stats [36m304[0m 30.534 ms - -[0m
[0mGET /api/nomina [36m304[0m 12.643 ms - -[0m
[0mGET /api/contratos/stats [36m304[0m 31.544 ms - -[0m
[0mGET /api/contratos [36m304[0m 10.968 ms - -[0m
[0mGET /api/nomina/estadisticas [36m304[0m 26.174 ms - -[0m
[0mGET /api/nomina [36m304[0m 14.307 ms - -[0m
[0mGET /api/contratos/stats [36m304[0m 27.315 ms - -[0m
[0mGET /api/nomina/estadisticas [36m304[0m 18.471 ms - -[0m
[0mGET /api/nomina [36m304[0m 12.372 ms - -[0m
[0mGET /api/contratos/stats [36m304[0m 22.917 ms - -[0m
[0mGET /api/nomina/estadisticas [36m304[0m 19.905 ms - -[0m
[0mGET /api/nomina [36m304[0m 11.736 ms - -[0m
[0mGET /api/nomina/estadisticas [36m304[0m 16.489 ms - -[0m
[0mGET /api/suministros [36m304[0m 4.040 ms - -[0m
[0mGET /api/proyectos [36m304[0m 3.556 ms - -[0m
[0mGET /api/suministros [36m304[0m 6.089 ms - -[0m
[0mGET /api/proyectos [36m304[0m 5.700 ms - -[0m
[0mGET /api/auth/verify [32m200[0m 3.035 ms - 172[0m
[0mGET /api/auth/verify [36m304[0m 4.912 ms - -[0m
[0mGET /api/suministros [36m304[0m 37.041 ms - -[0m
[0mGET /api/proyectos [36m304[0m 25.665 ms - -[0m
[0mGET /api/auth/permissions [36m304[0m 64.033 ms - -[0m
[0mGET /api/suministros [36m304[0m 21.155 ms - -[0m
[0mGET /api/proyectos [36m304[0m 21.449 ms - -[0m
[0mGET /api/suministros [36m304[0m 13.284 ms - -[0m
[0mGET /api/proyectos [36m304[0m 12.097 ms - -[0m
[0mGET /api/suministros [36m304[0m 12.998 ms - -[0m
[0mGET /api/proyectos [36m304[0m 6.692 ms - -[0m
[0mGET /api/auth/verify [36m304[0m 2.920 ms - -[0m
[0mGET /api/auth/verify [36m304[0m 2.145 ms - -[0m
[0mGET /api/suministros [36m304[0m 23.210 ms - -[0m
[0mGET /api/proyectos [36m304[0m 22.194 ms - -[0m
[0mGET /api/auth/permissions [36m304[0m 26.745 ms - -[0m
[0mGET /api/suministros [36m304[0m 7.519 ms - -[0m
[0mGET /api/proyectos [36m304[0m 8.387 ms - -[0m
[0mGET /api/auth/permissions [36m304[0m 6.887 ms - -[0m
[0mGET /api/suministros [36m304[0m 5.717 ms - -[0m
[0mGET /api/proyectos [36m304[0m 4.943 ms - -[0m
[0mGET /api/suministros [36m304[0m 7.658 ms - -[0m
[0mGET /api/proyectos [36m304[0m 5.367 ms - -[0m
[0mGET /api/auth/verify [36m304[0m 1.767 ms - -[0m
[0mGET /api/auth/verify [36m304[0m 2.190 ms - -[0m
[0mGET /api/suministros [36m304[0m 11.038 ms - -[0m
[0mGET /api/proyectos [36m304[0m 10.305 ms - -[0m
[0mGET /api/auth/permissions [36m304[0m 17.908 ms - -[0m
[0mGET /api/suministros [36m304[0m 8.744 ms - -[0m
[0mGET /api/proyectos [36m304[0m 8.634 ms - -[0m
[0mGET /api/auth/permissions [36m304[0m 8.541 ms - -[0m
[0mGET /api/suministros [36m304[0m 4.479 ms - -[0m
[0mGET /api/proyectos [36m304[0m 3.439 ms - -[0m
[0mGET /api/suministros [36m304[0m 7.772 ms - -[0m
[0mGET /api/proyectos [36m304[0m 5.460 ms - -[0m
🔍 Intentando obtener proyectos activos...
Modelos disponibles: [
  'Acciones_permiso',
  'Adjuntos',
  'Adjuntos_relaciones',
  'Auditoria',
  'Categorias_gasto',
  'Categorias_herramienta',
  'Contratos',
  'Empleados',
  'Estados_cuenta',
  'Gastos',
  'Herramientas',
  'Ingresos',
  'Integraciones_log',
  'Movimientos_herramienta',
  'Nomina_empleado',
  'Nomina_historial',
  'Oficios',
  'Pagos_nomina',
  'Permisos_rol',
  'Presupuestos',
  'Proveedores',
  'Proyectos',
  'Reportes_generados',
  'Roles',
  'Semanas_nomina',
  'Suministros',
  'Usuarios',
  'sequelize'
]
[0mGET /api/reportes/dashboard-suministros [36m304[0m 1.715 ms - -[0m
✅ Proyectos encontrados: 4
[0mGET /api/proyectos/activos [36m304[0m 5.520 ms - -[0m
[0mGET /api/reportes/dashboard-suministros [36m304[0m 2.085 ms - -[0m
🔍 Intentando obtener proyectos activos...
Modelos disponibles: [
  'Acciones_permiso',
  'Adjuntos',
  'Adjuntos_relaciones',
  'Auditoria',
  'Categorias_gasto',
  'Categorias_herramienta',
  'Contratos',
  'Empleados',
  'Estados_cuenta',
  'Gastos',
  'Herramientas',
  'Ingresos',
  'Integraciones_log',
  'Movimientos_herramienta',
  'Nomina_empleado',
  'Nomina_historial',
  'Oficios',
  'Pagos_nomina',
  'Permisos_rol',
  'Presupuestos',
  'Proveedores',
  'Proyectos',
  'Reportes_generados',
  'Roles',
  'Semanas_nomina',
  'Suministros',
  'Usuarios',
  'sequelize'
]
✅ Proyectos encontrados: 4
[0mGET /api/proyectos/activos [36m304[0m 4.545 ms - -[0m
[0mGET /api/oficios [36m304[0m 3.681 ms - -[0m
[0mGET /api/oficios [36m304[0m 2.821 ms - -[0m
[0mGET /api/suministros [36m304[0m 5.429 ms - -[0m
[0mGET /api/proyectos [36m304[0m 4.026 ms - -[0m
[0mGET /api/suministros [36m304[0m 3.869 ms - -[0m
[0mGET /api/proyectos [36m304[0m 3.249 ms - -[0m
🔍 Intentando obtener proyectos activos...
Modelos disponibles: [
  'Acciones_permiso',
  'Adjuntos',
  'Adjuntos_relaciones',
  'Auditoria',
  'Categorias_gasto',
  'Categorias_herramienta',
  'Contratos',
  'Empleados',
  'Estados_cuenta',
  'Gastos',
  'Herramientas',
  'Ingresos',
  'Integraciones_log',
  'Movimientos_herramienta',
  'Nomina_empleado',
  'Nomina_historial',
  'Oficios',
  'Pagos_nomina',
  'Permisos_rol',
  'Presupuestos',
  'Proveedores',
  'Proyectos',
  'Reportes_generados',
  'Roles',
  'Semanas_nomina',
  'Suministros',
  'Usuarios',
  'sequelize'
]
[0mGET /api/reportes/dashboard-suministros [36m304[0m 1.553 ms - -[0m
✅ Proyectos encontrados: 4
[0mGET /api/proyectos/activos [36m304[0m 5.651 ms - -[0m
[0mGET /api/reportes/dashboard-suministros [36m304[0m 1.854 ms - -[0m
🔍 Intentando obtener proyectos activos...
Modelos disponibles: [
  'Acciones_permiso',
  'Adjuntos',
  'Adjuntos_relaciones',
  'Auditoria',
  'Categorias_gasto',
  'Categorias_herramienta',
  'Contratos',
  'Empleados',
  'Estados_cuenta',
  'Gastos',
  'Herramientas',
  'Ingresos',
  'Integraciones_log',
  'Movimientos_herramienta',
  'Nomina_empleado',
  'Nomina_historial',
  'Oficios',
  'Pagos_nomina',
  'Permisos_rol',
  'Presupuestos',
  'Proveedores',
  'Proyectos',
  'Reportes_generados',
  'Roles',
  'Semanas_nomina',
  'Suministros',
  'Usuarios',
  'sequelize'
]
✅ Proyectos encontrados: 4
[0mGET /api/proyectos/activos [36m304[0m 4.077 ms - -[0m
